<?xml version="1.0" encoding="UTF-8"?>
<testng-results ignored="0" total="2" passed="2" failed="0" skipped="0">
  <reporter-output>
  </reporter-output>
  <suite started-at="2017-12-09T08:48:54Z" name="Suite" finished-at="2017-12-09T08:50:19Z" duration-ms="85532">
    <groups>
    </groups>
    <test started-at="2017-12-09T08:48:54Z" name="Test" finished-at="2017-12-09T08:50:19Z" duration-ms="85532">
      <class name="scripts.TestLogin">
        <test-method is-config="true" signature="openApplication()[pri:0, instance:scripts.TestLogin@1573f9fc]" started-at="2017-12-09T14:18:54Z" name="openApplication" finished-at="2017-12-09T14:19:47Z" duration-ms="53417" status="PASS">
          <reporter-output>
          </reporter-output>
        </test-method> <!-- openApplication -->
        <test-method signature="testLogin()[pri:0, instance:scripts.TestLogin@1573f9fc]" started-at="2017-12-09T14:19:47Z" name="testLogin" finished-at="2017-12-09T14:19:58Z" duration-ms="10446" status="PASS">
          <reporter-output>
          </reporter-output>
        </test-method> <!-- testLogin -->
        <test-method is-config="true" signature="closeApplication()[pri:0, instance:scripts.TestLogin@1573f9fc]" started-at="2017-12-09T14:19:58Z" name="closeApplication" finished-at="2017-12-09T14:19:58Z" duration-ms="77" status="PASS">
          <reporter-output>
          </reporter-output>
        </test-method> <!-- closeApplication -->
      </class> <!-- scripts.TestLogin -->
      <class name="scripts.TestInvalidLogin">
        <test-method is-config="true" signature="openApplication()[pri:0, instance:scripts.TestInvalidLogin@6150c3ec]" started-at="2017-12-09T14:19:58Z" name="openApplication" finished-at="2017-12-09T14:20:12Z" duration-ms="13969" status="PASS">
          <reporter-output>
          </reporter-output>
        </test-method> <!-- openApplication -->
        <test-method signature="testInvalidLogin()[pri:0, instance:scripts.TestInvalidLogin@6150c3ec]" started-at="2017-12-09T14:20:12Z" name="testInvalidLogin" finished-at="2017-12-09T14:20:18Z" duration-ms="6637" status="PASS">
          <reporter-output>
          </reporter-output>
        </test-method> <!-- testInvalidLogin -->
        <test-method is-config="true" signature="closeApplication()[pri:0, instance:scripts.TestInvalidLogin@6150c3ec]" started-at="2017-12-09T14:20:18Z" name="closeApplication" finished-at="2017-12-09T14:20:19Z" duration-ms="953" status="PASS">
          <reporter-output>
          </reporter-output>
        </test-method> <!-- closeApplication -->
      </class> <!-- scripts.TestInvalidLogin -->
    </test> <!-- Test -->
  </suite> <!-- Suite -->
</testng-results>
